2026-06-06 18:32:22,993 [INFO] Starting Odds Drop Bot...
2026-06-06 18:32:22,993 [INFO] Configuration:
2026-06-06 18:32:22,993 [INFO] ODDS_API_KEY: 3439************************1220
2026-06-06 18:32:22,993 [INFO] TELEGRAM_BOT_TOKEN: 8761**************************************5XF4
2026-06-06 18:32:22,993 [INFO] TELEGRAM_CHAT_ID: 6435778626
2026-06-06 18:32:22,993 [INFO] DROP_THRESHOLD: 20.0%
2026-06-06 18:32:22,993 [INFO] POLL_INTERVAL_SECONDS: 60s
2026-06-06 18:32:23,378 [INFO] Initialization complete. Starting bot polling...
2026-06-06 18:32:27,174 [INFO] HTTP Request: POST https://api.telegram.org/bot8761675690:AAFw6UVPNuYlddj923-IXKaZA763j6C5XF4/getMe "HTTP/1.1 200 OK"
2026-06-06 18:32:27,185 [INFO] Adding job tentatively -- it will be properly scheduled when the scheduler starts
2026-06-06 18:32:27,188 [INFO] Added job "poll_once" to job store "default"
2026-06-06 18:32:27,190 [INFO] Scheduler started
2026-06-06 18:32:27,193 [INFO] APScheduler started. Polling every 60s.
2026-06-06 18:32:27,372 [INFO] HTTP Request: POST https://api.telegram.org/bot8761675690:AAFw6UVPNuYlddj923-IXKaZA763j6C5XF4/deleteWebhook "HTTP/1.1 200 OK"
2026-06-06 18:32:27,374 [INFO] Application started
2026-06-06 18:32:38,229 [INFO] HTTP Request: POST https://api.telegram.org/bot8761675690:AAFw6UVPNuYlddj923-IXKaZA763j6C5XF4/getUpdates "HTTP/1.1 200 OK"
2026-06-06 18:32:45,703 [INFO] HTTP Request: POST https://api.telegram.org/bot8761675690:AAFw6UVPNuYlddj923-IXKaZA763j6C5XF4/getUpdates "HTTP/1.1 200 OK"
2026-06-06 18:32:55,944 [INFO] HTTP Request: POST https://api.telegram.org/bot8761675690:AAFw6UVPNuYlddj923-IXKaZA763j6C5XF4/getUpdates "HTTP/1.1 200 OK"
2026-06-06 18:33:01,697 [INFO] HTTP Request: POST https://api.telegram.org/bot8761675690:AAFw6UVPNuYlddj923-IXKaZA763j6C5XF4/getUpdates "HTTP/1.1 200 OK"
2026-06-06 18:33:02,259 [INFO] HTTP Request: POST https://api.telegram.org/bot8761675690:AAFw6UVPNuYlddj923-IXKaZA763j6C5XF4/sendMessage "HTTP/1.1 200 OK"
2026-06-06 18:33:11,853 [INFO] HTTP Request: POST https://api.telegram.org/bot8761675690:AAFw6UVPNuYlddj923-IXKaZA763j6C5XF4/getUpdates "HTTP/1.1 200 OK"
2026-06-06 18:33:22,058 [INFO] HTTP Request: POST https://api.telegram.org/bot8761675690:AAFw6UVPNuYlddj923-IXKaZA763j6C5XF4/getUpdates "HTTP/1.1 200 OK"
2026-06-06 18:33:27,191 [INFO] Running job "poll_once (trigger: interval[0:01:00], next run at: 2026-06-06 18:34:27 EAT)" (scheduled at 2026-06-06 18:33:27.184598+03:00)
2026-06-06 18:33:27,191 [INFO] Starting polling cycle...
2026-06-06 18:33:37,270 [INFO] Poll complete. Matches scanned: 8, Alerts sent: 0, API requests remaining: 494
2026-06-06 18:33:37,271 [INFO] Job "poll_once (trigger: interval[0:01:00], next run at: 2026-06-06 18:34:27 EAT)" executed successfully
2026-06-06 18:33:37,274 [INFO] HTTP Request: POST https://api.telegram.org/bot8761675690:AAFw6UVPNuYlddj923-IXKaZA763j6C5XF4/getUpdates "HTTP/1.1 200 OK"
2026-06-06 18:33:43,750 [ERROR] Error while calling `get_updates` one more time to mark all fetched updates as read: %s. Suppressing error to ensure graceful shutdown. When polling for updates is restarted, updates may be fetched again. Please adjust timeouts via `ApplicationBuilder` or the parameter `get_updates_request` of `Bot`.
Traceback (most recent call last):
  File "/home/heisenberg/Documents/projects/odds-drop-bot/venv/lib/python3.10/site-packages/httpx/_transports/default.py", line 66, in map_httpcore_exceptions
    yield
  File "/home/heisenberg/Documents/projects/odds-drop-bot/venv/lib/python3.10/site-packages/httpx/_transports/default.py", line 366, in handle_async_request
    resp = await self._pool.handle_async_request(req)
  File "/home/heisenberg/Documents/projects/odds-drop-bot/venv/lib/python3.10/site-packages/httpcore/_async/connection_pool.py", line 256, in handle_async_request
    raise exc from None
  File "/home/heisenberg/Documents/projects/odds-drop-bot/venv/lib/python3.10/site-packages/httpcore/_async/connection_pool.py", line 236, in handle_async_request
    response = await connection.handle_async_request(
  File "/home/heisenberg/Documents/projects/odds-drop-bot/venv/lib/python3.10/site-packages/httpcore/_async/connection.py", line 101, in handle_async_request
    raise exc
  File "/home/heisenberg/Documents/projects/odds-drop-bot/venv/lib/python3.10/site-packages/httpcore/_async/connection.py", line 78, in handle_async_request
    stream = await self._connect(request)
  File "/home/heisenberg/Documents/projects/odds-drop-bot/venv/lib/python3.10/site-packages/httpcore/_async/connection.py", line 124, in _connect
    stream = await self._network_backend.connect_tcp(**kwargs)
  File "/home/heisenberg/Documents/projects/odds-drop-bot/venv/lib/python3.10/site-packages/httpcore/_backends/auto.py", line 31, in connect_tcp
    return await self._backend.connect_tcp(
  File "/home/heisenberg/Documents/projects/odds-drop-bot/venv/lib/python3.10/site-packages/httpcore/_backends/anyio.py", line 113, in connect_tcp
    with map_exceptions(exc_map):
  File "/usr/lib/python3.10/contextlib.py", line 153, in __exit__
    self.gen.throw(typ, value, traceback)
  File "/home/heisenberg/Documents/projects/odds-drop-bot/venv/lib/python3.10/site-packages/httpcore/_exceptions.py", line 14, in map_exceptions
    raise to_exc(exc) from exc
httpcore.ConnectTimeout

The above exception was the direct cause of the following exception:

Traceback (most recent call last):
  File "/home/heisenberg/Documents/projects/odds-drop-bot/venv/lib/python3.10/site-packages/telegram/request/_httpxrequest.py", line 268, in do_request
    res = await self._client.request(
  File "/home/heisenberg/Documents/projects/odds-drop-bot/venv/lib/python3.10/site-packages/httpx/_client.py", line 1530, in request
    return await self.send(request, auth=auth, follow_redirects=follow_redirects)
  File "/home/heisenberg/Documents/projects/odds-drop-bot/venv/lib/python3.10/site-packages/httpx/_client.py", line 1617, in send
    response = await self._send_handling_auth(
  File "/home/heisenberg/Documents/projects/odds-drop-bot/venv/lib/python3.10/site-packages/httpx/_client.py", line 1645, in _send_handling_auth
    response = await self._send_handling_redirects(
  File "/home/heisenberg/Documents/projects/odds-drop-bot/venv/lib/python3.10/site-packages/httpx/_client.py", line 1682, in _send_handling_redirects
    response = await self._send_single_request(request)
  File "/home/heisenberg/Documents/projects/odds-drop-bot/venv/lib/python3.10/site-packages/httpx/_client.py", line 1719, in _send_single_request
    response = await transport.handle_async_request(request)
  File "/home/heisenberg/Documents/projects/odds-drop-bot/venv/lib/python3.10/site-packages/httpx/_transports/default.py", line 365, in handle_async_request
    with map_httpcore_exceptions():
  File "/usr/lib/python3.10/contextlib.py", line 153, in __exit__
    self.gen.throw(typ, value, traceback)
  File "/home/heisenberg/Documents/projects/odds-drop-bot/venv/lib/python3.10/site-packages/httpx/_transports/default.py", line 83, in map_httpcore_exceptions
    raise mapped_exc(message) from exc
httpx.ConnectTimeout

The above exception was the direct cause of the following exception:

Traceback (most recent call last):
  File "/home/heisenberg/Documents/projects/odds-drop-bot/venv/lib/python3.10/site-packages/telegram/ext/_updater.py", line 433, in _get_updates_cleanup
    await self.bot.get_updates(
  File "/home/heisenberg/Documents/projects/odds-drop-bot/venv/lib/python3.10/site-packages/telegram/ext/_extbot.py", line 558, in get_updates
    updates = await super().get_updates(
  File "/home/heisenberg/Documents/projects/odds-drop-bot/venv/lib/python3.10/site-packages/telegram/_bot.py", line 525, in decorator
    result = await func(self, *args, **kwargs)  # skipcq: PYL-E1102
  File "/home/heisenberg/Documents/projects/odds-drop-bot/venv/lib/python3.10/site-packages/telegram/_bot.py", line 3584, in get_updates
    await self._post(
  File "/home/heisenberg/Documents/projects/odds-drop-bot/venv/lib/python3.10/site-packages/telegram/_bot.py", line 613, in _post
    return await self._do_post(
  File "/home/heisenberg/Documents/projects/odds-drop-bot/venv/lib/python3.10/site-packages/telegram/ext/_extbot.py", line 340, in _do_post
    return await super()._do_post(
  File "/home/heisenberg/Documents/projects/odds-drop-bot/venv/lib/python3.10/site-packages/telegram/_bot.py", line 641, in _do_post
    return await request.post(
  File "/home/heisenberg/Documents/projects/odds-drop-bot/venv/lib/python3.10/site-packages/telegram/request/_baserequest.py", line 200, in post
    result = await self._request_wrapper(
  File "/home/heisenberg/Documents/projects/odds-drop-bot/venv/lib/python3.10/site-packages/telegram/request/_baserequest.py", line 340, in _request_wrapper
    raise exc
  File "/home/heisenberg/Documents/projects/odds-drop-bot/venv/lib/python3.10/site-packages/telegram/request/_baserequest.py", line 330, in _request_wrapper
    code, payload = await self.do_request(
  File "/home/heisenberg/Documents/projects/odds-drop-bot/venv/lib/python3.10/site-packages/telegram/request/_httpxrequest.py", line 285, in do_request
    raise TimedOut from err
telegram.error.TimedOut: Timed out
2026-06-06 18:33:43,764 [INFO] Application is stopping. This might take a moment.
2026-06-06 18:33:43,765 [INFO] Application.stop() complete
2026-06-06 18:33:43,766 [INFO] APScheduler stopped.
2026-06-06 18:33:43,767 [INFO] Scheduler has been shut down
